[11/10/2023 8:46:02 PM] [plugins/mysql] cache_get_value_name_int: field 'gender' not found
[11/10/2023 8:46:05 PM] [plugins/mysql] cache_get_value_name_int: field 'gender' not found
[11/10/2023 8:46:06 PM] [plugins/mysql] cache_get_value_name_int: field 'gender' not found
[11/10/2023 8:47:13 PM] [plugins/mysql] cache_get_value_name_int: invalid row index '0' (number of rows: '0')
[11/10/2023 8:47:13 PM] [plugins/mysql] cache_get_value_name_int: invalid row index '0' (number of rows: '0')
[11/10/2023 8:47:13 PM] [plugins/mysql] cache_get_value_name_int: invalid row index '0' (number of rows: '0')
[11/10/2023 8:47:13 PM] [plugins/mysql] cache_get_value_name_int: invalid row index '0' (number of rows: '0')
[11/10/2023 8:47:13 PM] [plugins/mysql] cache_get_value_name_float: invalid row index '0' (number of rows: '0')
[11/10/2023 8:47:13 PM] [plugins/mysql] cache_get_value_name_float: invalid row index '0' (number of rows: '0')
[11/10/2023 8:47:13 PM] [plugins/mysql] cache_get_value_name_float: invalid row index '0' (number of rows: '0')
[11/10/2023 8:47:13 PM] [plugins/mysql] cache_get_value_name_float: invalid row index '0' (number of rows: '0')
[11/10/2023 8:47:13 PM] [plugins/mysql] cache_get_value_name_float: invalid row index '0' (number of rows: '0')
[11/10/2023 8:47:13 PM] [plugins/mysql] cache_get_value_name_float: invalid row index '0' (number of rows: '0')
[11/10/2023 8:47:13 PM] [plugins/mysql] cache_get_value_name_float: invalid row index '0' (number of rows: '0')
[11/10/2023 8:47:13 PM] [plugins/mysql] cache_get_value_name_float: invalid row index '0' (number of rows: '0')
[11/10/2023 8:47:13 PM] [plugins/mysql] cache_get_value_name_float: invalid row index '0' (number of rows: '0')
[11/10/2023 8:47:13 PM] [plugins/mysql] cache_get_value_name_int: invalid row index '0' (number of rows: '0')
[11/10/2023 8:47:13 PM] [plugins/mysql] cache_get_value_name_int: invalid row index '0' (number of rows: '0')
[11/10/2023 8:47:13 PM] [plugins/mysql] cache_get_value_name_int: invalid row index '0' (number of rows: '0')
[11/10/2023 8:47:13 PM] [plugins/mysql] cache_get_value_name_int: invalid row index '0' (number of rows: '0')
[11/10/2023 8:47:13 PM] [plugins/mysql] cache_get_value_name_int: invalid row index '0' (number of rows: '0')
[11/10/2023 8:47:13 PM] [plugins/mysql] cache_get_value_name: invalid row index '0' (number of rows: '0')
[11/10/2023 8:47:55 PM] [plugins/discord-connector] Can't write to Discord websocket gateway: The I/O operation has been aborted because of either a thread exit or an application request (995)
